Using pre-set license
Built from '2020.3/staging' branch; Version is '2020.3.6f1 (338bb68529b2) revision 3378102'; Using compiler version '192528614'; Build Type 'Release'
OS: 'Windows 10 Pro; OS build 19042.928; Version 2009; 64bit' Language: 'es' Physical Memory: 8156 MB
BatchMode: 1, IsHumanControllingUs: 0, StartBugReporterOnCrash: 0, Is64bit: 1, IsPro: 0

 COMMAND LINE ARGUMENTS:
C:\Program Files\Unity\Hub\Editor\2020.3.6f1\Editor\Unity.exe
-adb2
-batchMode
-noUpm
-name
AssetImportWorker0
-projectPath
E:/AndroidGame/AndroidGame/AndroidGame
-logFile
Logs/AssetImportWorker0.log
-srvPort
58179
Successfully changed project path to: E:/AndroidGame/AndroidGame/AndroidGame
E:/AndroidGame/AndroidGame/AndroidGame
Using Asset Import Pipeline V2.
Refreshing native plugins compatible for Editor in 81.28 ms, found 1 plugins.
Preloading 0 native plugins for Editor in 0.00 ms.
Initialize engine version: 2020.3.6f1 (338bb68529b2)
[Subsystems] Discovering subsystems at path C:/Program Files/Unity/Hub/Editor/2020.3.6f1/Editor/Data/Resources/UnitySubsystems
[Subsystems] Discovering subsystems at path E:/AndroidGame/AndroidGame/AndroidGame/Assets
GfxDevice: creating device client; threaded=0
Direct3D:
    Version:  Direct3D 11.0 [level 11.1]
    Renderer: NVIDIA GeForce GTX 1050 (ID=0x1c83)
    Vendor:   
    VRAM:     2996 MB
    Driver:   27.21.14.6627
Initialize mono
Mono path[0] = 'C:/Program Files/Unity/Hub/Editor/2020.3.6f1/Editor/Data/Managed'
Mono path[1] = 'C:/Program Files/Unity/Hub/Editor/2020.3.6f1/Editor/Data/MonoBleedingEdge/lib/mono/unityjit'
Mono config path = 'C:/Program Files/Unity/Hub/Editor/2020.3.6f1/Editor/Data/MonoBleedingEdge/etc'
Using monoOptions --debugger-agent=transport=dt_socket,embedding=1,server=y,suspend=n,address=127.0.0.1:56888
Begin MonoManager ReloadAssembly
Registering precompiled unity dll's ...
Register platform support module: C:/Program Files/Unity/Hub/Editor/2020.3.6f1/Editor/Data/PlaybackEngines/WindowsStandaloneSupport/UnityEditor.WindowsStandalone.Extensions.dll
Registered in 0.003885 seconds.
Native extension for WindowsStandalone target not found
Refreshing native plugins compatible for Editor in 73.11 ms, found 1 plugins.
Preloading 0 native plugins for Editor in 0.00 ms.
Mono: successfully reloaded assembly
- Completed reload, in  2.351 seconds
Platform modules already initialized, skipping
Registering precompiled user dll's ...
Registered in 0.001220 seconds.
Begin MonoManager ReloadAssembly
Native extension for WindowsStandalone target not found
Refreshing native plugins compatible for Editor in 61.77 ms, found 1 plugins.
Preloading 0 native plugins for Editor in 0.00 ms.
Mono: successfully reloaded assembly
- Completed reload, in  1.772 seconds
Platform modules already initialized, skipping
========================================================================
Worker process is ready to serve import requests
Launched and connected shader compiler UnityShaderCompiler.exe after 0.07 seconds
Refreshing native plugins compatible for Editor in 0.55 ms, found 1 plugins.
Preloading 0 native plugins for Editor in 0.00 ms.
Unloading 1810 Unused Serialized files (Serialized files now loaded: 0)
System memory in use before: 85.0 MB.
System memory in use after: 84.9 MB.

Unloading 24 unused Assets to reduce memory usage. Loaded Objects now: 2253.
Total: 3.714200 ms (FindLiveObjects: 0.349700 ms CreateObjectMapping: 0.097900 ms MarkObjects: 2.982800 ms  DeleteObjects: 0.281800 ms)

========================================================================
Received Import Request.
  path: Assets/grafics/CharacterCholo.png
  artifactKey: Guid(a9075512d450a0b4899bac62730610da) Importer(815301076,1909f56bfc062723c751e8b465ee728b)
Start importing Assets/grafics/CharacterCholo.png using Guid(a9075512d450a0b4899bac62730610da) Importer(815301076,1909f56bfc062723c751e8b465ee728b)  -> (artifact id: '69eee222128d4013b48a689ffa4b44bb') in 0.468283 seconds
  Import took 0.472275 seconds .

========================================================================
Received Import Request.
  Time since last request: 0.000829 seconds.
  path: Assets/grafics/Characterall.png
  artifactKey: Guid(031eac5e873c0ba449ccc6db25bf1bad) Importer(815301076,1909f56bfc062723c751e8b465ee728b)
Start importing Assets/grafics/Characterall.png using Guid(031eac5e873c0ba449ccc6db25bf1bad) Importer(815301076,1909f56bfc062723c751e8b465ee728b)  -> (artifact id: '5993c1869a1cef8206eff284174ee8f0') in 0.033448 seconds
  Import took 0.038415 seconds .

========================================================================
Received Import Request.
  Time since last request: 0.000255 seconds.
  path: Assets/grafics/CharacterGirl.png
  artifactKey: Guid(062a69cd867a56740a56bb32def2d0fb) Importer(815301076,1909f56bfc062723c751e8b465ee728b)
Start importing Assets/grafics/CharacterGirl.png using Guid(062a69cd867a56740a56bb32def2d0fb) Importer(815301076,1909f56bfc062723c751e8b465ee728b)  -> (artifact id: '8b85a5d7bc22dfe026935d3aa21ba287') in 0.021112 seconds
  Import took 0.041378 seconds .

========================================================================
Received Import Request.
  Time since last request: 0.000333 seconds.
  path: Assets/grafics/CharacterIng.png
  artifactKey: Guid(6de7086fc675d4143a1062e4652d10f5) Importer(815301076,1909f56bfc062723c751e8b465ee728b)
Start importing Assets/grafics/CharacterIng.png using Guid(6de7086fc675d4143a1062e4652d10f5) Importer(815301076,1909f56bfc062723c751e8b465ee728b)  -> (artifact id: '76142eb4bf8e4094840d8cf795326459') in 0.021328 seconds
  Import took 0.026596 seconds .

========================================================================
Received Import Request.
  Time since last request: 3401.304412 seconds.
  path: Assets/grafics/CharacterIng.png
  artifactKey: Guid(6de7086fc675d4143a1062e4652d10f5) Importer(815301076,1909f56bfc062723c751e8b465ee728b)
Start importing Assets/grafics/CharacterIng.png using Guid(6de7086fc675d4143a1062e4652d10f5) Importer(815301076,1909f56bfc062723c751e8b465ee728b)  -> (artifact id: 'b31fe1b6407ac28d3e55baaf185ee5d4') in 0.086742 seconds
  Import took 0.205377 seconds .

========================================================================
Received Prepare
Registering precompiled user dll's ...
Registered in 0.001390 seconds.
Begin MonoManager ReloadAssembly
Native extension for WindowsStandalone target not found
Refreshing native plugins compatible for Editor in 0.61 ms, found 1 plugins.
Preloading 0 native plugins for Editor in 0.00 ms.
Mono: successfully reloaded assembly
- Completed reload, in  1.722 seconds
Platform modules already initialized, skipping
Refreshing native plugins compatible for Editor in 0.57 ms, found 1 plugins.
Preloading 0 native plugins for Editor in 0.00 ms.
Unloading 1805 Unused Serialized files (Serialized files now loaded: 0)
System memory in use before: 88.0 MB.
System memory in use after: 88.0 MB.

Unloading 12 unused Assets to reduce memory usage. Loaded Objects now: 2271.
Total: 3.229800 ms (FindLiveObjects: 0.353100 ms CreateObjectMapping: 0.096000 ms MarkObjects: 2.610700 ms  DeleteObjects: 0.168700 ms)

========================================================================
Received Import Request.
  Time since last request: 109.129697 seconds.
  path: Assets/grafics/CharacterIng.png
  artifactKey: Guid(6de7086fc675d4143a1062e4652d10f5) Importer(815301076,1909f56bfc062723c751e8b465ee728b)
Start importing Assets/grafics/CharacterIng.png using Guid(6de7086fc675d4143a1062e4652d10f5) Importer(815301076,1909f56bfc062723c751e8b465ee728b)  -> (artifact id: '402b343dbc8104b008fd329f9795354a') in 0.095996 seconds
  Import took 0.136012 seconds .

========================================================================
Received Import Request.
  Time since last request: 28.890946 seconds.
  path: Assets/grafics/CharacterIng.png
  artifactKey: Guid(6de7086fc675d4143a1062e4652d10f5) Importer(815301076,1909f56bfc062723c751e8b465ee728b)
Start importing Assets/grafics/CharacterIng.png using Guid(6de7086fc675d4143a1062e4652d10f5) Importer(815301076,1909f56bfc062723c751e8b465ee728b)  -> (artifact id: '410d03f21815e2ae83a37dfc4b86d6f6') in 0.017283 seconds
  Import took 0.023223 seconds .

========================================================================
Received Import Request.
  Time since last request: 0.021351 seconds.
  path: Assets/grafics/CharacterIng.png
  artifactKey: Guid(6de7086fc675d4143a1062e4652d10f5) Importer(815301076,1909f56bfc062723c751e8b465ee728b)
Start importing Assets/grafics/CharacterIng.png using Guid(6de7086fc675d4143a1062e4652d10f5) Importer(815301076,1909f56bfc062723c751e8b465ee728b)  -> (artifact id: '410d03f21815e2ae83a37dfc4b86d6f6') in 0.009198 seconds
  Import took 0.013949 seconds .

========================================================================
Received Import Request.
  Time since last request: 18.217576 seconds.
  path: Assets/grafics/CharacterIng.png
  artifactKey: Guid(6de7086fc675d4143a1062e4652d10f5) Importer(815301076,1909f56bfc062723c751e8b465ee728b)
Start importing Assets/grafics/CharacterIng.png using Guid(6de7086fc675d4143a1062e4652d10f5) Importer(815301076,1909f56bfc062723c751e8b465ee728b)  -> (artifact id: '2c4acdf9bda991ad916dc3faba9aa3f4') in 0.130495 seconds
  Import took 0.135204 seconds .

========================================================================
Received Import Request.
  Time since last request: 28.720220 seconds.
  path: Assets/grafics/CharacterIng.png
  artifactKey: Guid(6de7086fc675d4143a1062e4652d10f5) Importer(815301076,1909f56bfc062723c751e8b465ee728b)
Start importing Assets/grafics/CharacterIng.png using Guid(6de7086fc675d4143a1062e4652d10f5) Importer(815301076,1909f56bfc062723c751e8b465ee728b)  -> (artifact id: '746db78a57fc6bc03fca7b3d55119b4b') in 0.086198 seconds
  Import took 0.096839 seconds .

========================================================================
Received Prepare
Registering precompiled user dll's ...
Registered in 0.002400 seconds.
Begin MonoManager ReloadAssembly
Native extension for WindowsStandalone target not found
Refreshing native plugins compatible for Editor in 1.17 ms, found 1 plugins.
Preloading 0 native plugins for Editor in 0.00 ms.
Mono: successfully reloaded assembly
- Completed reload, in  1.716 seconds
Platform modules already initialized, skipping
Refreshing native plugins compatible for Editor in 0.61 ms, found 1 plugins.
Preloading 0 native plugins for Editor in 0.00 ms.
Unloading 1805 Unused Serialized files (Serialized files now loaded: 0)
System memory in use before: 88.1 MB.
System memory in use after: 88.1 MB.

Unloading 12 unused Assets to reduce memory usage. Loaded Objects now: 2300.
Total: 3.070000 ms (FindLiveObjects: 0.412600 ms CreateObjectMapping: 0.105600 ms MarkObjects: 2.362200 ms  DeleteObjects: 0.187700 ms)

========================================================================
Received Prepare
Registering precompiled user dll's ...
Registered in 0.001337 seconds.
Begin MonoManager ReloadAssembly
Native extension for WindowsStandalone target not found
Refreshing native plugins compatible for Editor in 0.57 ms, found 1 plugins.
Preloading 0 native plugins for Editor in 0.00 ms.
Mono: successfully reloaded assembly
- Completed reload, in  1.657 seconds
Platform modules already initialized, skipping
Refreshing native plugins compatible for Editor in 1.39 ms, found 1 plugins.
Preloading 0 native plugins for Editor in 0.00 ms.
Unloading 1805 Unused Serialized files (Serialized files now loaded: 0)
System memory in use before: 88.1 MB.
System memory in use after: 88.1 MB.

Unloading 12 unused Assets to reduce memory usage. Loaded Objects now: 2304.
Total: 3.209000 ms (FindLiveObjects: 0.394400 ms CreateObjectMapping: 0.105500 ms MarkObjects: 2.512200 ms  DeleteObjects: 0.195300 ms)

========================================================================
Received Prepare
Registering precompiled user dll's ...
Registered in 0.001960 seconds.
Begin MonoManager ReloadAssembly
Native extension for WindowsStandalone target not found
Refreshing native plugins compatible for Editor in 0.61 ms, found 1 plugins.
Preloading 0 native plugins for Editor in 0.00 ms.
Mono: successfully reloaded assembly
- Completed reload, in  1.562 seconds
Platform modules already initialized, skipping
Refreshing native plugins compatible for Editor in 0.59 ms, found 1 plugins.
Preloading 0 native plugins for Editor in 0.00 ms.
Unloading 1805 Unused Serialized files (Serialized files now loaded: 0)
System memory in use before: 88.2 MB.
System memory in use after: 88.1 MB.

Unloading 12 unused Assets to reduce memory usage. Loaded Objects now: 2308.
Total: 3.198500 ms (FindLiveObjects: 0.368900 ms CreateObjectMapping: 0.095600 ms MarkObjects: 2.451600 ms  DeleteObjects: 0.280300 ms)

AssetImportWorkerClient::OnTransportError - code=2 error=End of file
