Using pre-set license
Built from '2020.3/staging' branch; Version is '2020.3.6f1 (338bb68529b2) revision 3378102'; Using compiler version '192528614'; Build Type 'Release'
OS: 'Windows 10 Pro; OS build 19042.928; Version 2009; 64bit' Language: 'es' Physical Memory: 8156 MB
BatchMode: 1, IsHumanControllingUs: 0, StartBugReporterOnCrash: 0, Is64bit: 1, IsPro: 0

 COMMAND LINE ARGUMENTS:
C:\Program Files\Unity\Hub\Editor\2020.3.6f1\Editor\Unity.exe
-adb2
-batchMode
-noUpm
-name
AssetImportWorker0
-projectPath
E:/AndroidGame/AndroidGame/AndroidGame
-logFile
Logs/AssetImportWorker0.log
-srvPort
51668
Successfully changed project path to: E:/AndroidGame/AndroidGame/AndroidGame
E:/AndroidGame/AndroidGame/AndroidGame
Using Asset Import Pipeline V2.
Refreshing native plugins compatible for Editor in 94.81 ms, found 1 plugins.
Preloading 0 native plugins for Editor in 0.00 ms.
Initialize engine version: 2020.3.6f1 (338bb68529b2)
[Subsystems] Discovering subsystems at path C:/Program Files/Unity/Hub/Editor/2020.3.6f1/Editor/Data/Resources/UnitySubsystems
[Subsystems] Discovering subsystems at path E:/AndroidGame/AndroidGame/AndroidGame/Assets
GfxDevice: creating device client; threaded=0
Direct3D:
    Version:  Direct3D 11.0 [level 11.1]
    Renderer: NVIDIA GeForce GTX 1050 (ID=0x1c83)
    Vendor:   
    VRAM:     2996 MB
    Driver:   27.21.14.6627
Initialize mono
Mono path[0] = 'C:/Program Files/Unity/Hub/Editor/2020.3.6f1/Editor/Data/Managed'
Mono path[1] = 'C:/Program Files/Unity/Hub/Editor/2020.3.6f1/Editor/Data/MonoBleedingEdge/lib/mono/unityjit'
Mono config path = 'C:/Program Files/Unity/Hub/Editor/2020.3.6f1/Editor/Data/MonoBleedingEdge/etc'
Using monoOptions --debugger-agent=transport=dt_socket,embedding=1,server=y,suspend=n,address=127.0.0.1:56624
Begin MonoManager ReloadAssembly
Registering precompiled unity dll's ...
Register platform support module: C:/Program Files/Unity/Hub/Editor/2020.3.6f1/Editor/Data/PlaybackEngines/WindowsStandaloneSupport/UnityEditor.WindowsStandalone.Extensions.dll
Registered in 0.004508 seconds.
Native extension for WindowsStandalone target not found
Refreshing native plugins compatible for Editor in 66.92 ms, found 1 plugins.
Preloading 0 native plugins for Editor in 0.00 ms.
Mono: successfully reloaded assembly
- Completed reload, in  2.073 seconds
Platform modules already initialized, skipping
Registering precompiled user dll's ...
Registered in 0.001309 seconds.
Begin MonoManager ReloadAssembly
Native extension for WindowsStandalone target not found
Refreshing native plugins compatible for Editor in 65.31 ms, found 1 plugins.
Preloading 0 native plugins for Editor in 0.00 ms.
Mono: successfully reloaded assembly
- Completed reload, in  1.642 seconds
Platform modules already initialized, skipping
========================================================================
Worker process is ready to serve import requests
Launched and connected shader compiler UnityShaderCompiler.exe after 0.19 seconds
Refreshing native plugins compatible for Editor in 0.58 ms, found 1 plugins.
Preloading 0 native plugins for Editor in 0.00 ms.
Unloading 1810 Unused Serialized files (Serialized files now loaded: 0)
System memory in use before: 84.9 MB.
System memory in use after: 84.9 MB.

Unloading 24 unused Assets to reduce memory usage. Loaded Objects now: 2253.
Total: 3.036500 ms (FindLiveObjects: 0.376500 ms CreateObjectMapping: 0.102200 ms MarkObjects: 2.336800 ms  DeleteObjects: 0.219200 ms)

========================================================================
Received Import Request.
  path: Assets/grafics/Characterall.png
  artifactKey: Guid(031eac5e873c0ba449ccc6db25bf1bad) Importer(815301076,1909f56bfc062723c751e8b465ee728b)
Start importing Assets/grafics/Characterall.png using Guid(031eac5e873c0ba449ccc6db25bf1bad) Importer(815301076,1909f56bfc062723c751e8b465ee728b)  -> (artifact id: '011350cd0bc281f8162e5fd9ed0c5fa3') in 1.087187 seconds
  Import took 1.160439 seconds .

========================================================================
Received Import Request.
  Time since last request: 33.657507 seconds.
  path: Assets/Camera_move.cs
  artifactKey: Guid(db7aa0a5a3215d145aa22daa5349afde) Importer(815301076,1909f56bfc062723c751e8b465ee728b)
Start importing Assets/Camera_move.cs using Guid(db7aa0a5a3215d145aa22daa5349afde) Importer(815301076,1909f56bfc062723c751e8b465ee728b)  -> (artifact id: 'eb14bded065b0065e4a6979f5577c318') in 0.016316 seconds
  Import took 0.135812 seconds .

========================================================================
Received Prepare
Registering precompiled user dll's ...
Registered in 0.001365 seconds.
Begin MonoManager ReloadAssembly
Native extension for WindowsStandalone target not found
Refreshing native plugins compatible for Editor in 0.61 ms, found 1 plugins.
Preloading 0 native plugins for Editor in 0.00 ms.
Mono: successfully reloaded assembly
- Completed reload, in  1.616 seconds
Platform modules already initialized, skipping
Refreshing native plugins compatible for Editor in 1.02 ms, found 1 plugins.
Preloading 0 native plugins for Editor in 0.00 ms.
Unloading 1806 Unused Serialized files (Serialized files now loaded: 0)
System memory in use before: 88.0 MB.
System memory in use after: 88.0 MB.

Unloading 12 unused Assets to reduce memory usage. Loaded Objects now: 2271.
Total: 3.139300 ms (FindLiveObjects: 0.383000 ms CreateObjectMapping: 0.102400 ms MarkObjects: 2.403300 ms  DeleteObjects: 0.249500 ms)

========================================================================
Received Prepare
Registering precompiled user dll's ...
Registered in 0.002412 seconds.
Begin MonoManager ReloadAssembly
Native extension for WindowsStandalone target not found
Refreshing native plugins compatible for Editor in 0.65 ms, found 1 plugins.
Preloading 0 native plugins for Editor in 0.00 ms.
Mono: successfully reloaded assembly
- Completed reload, in  1.533 seconds
Platform modules already initialized, skipping
Refreshing native plugins compatible for Editor in 0.63 ms, found 1 plugins.
Preloading 0 native plugins for Editor in 0.00 ms.
Unloading 1806 Unused Serialized files (Serialized files now loaded: 0)
System memory in use before: 88.0 MB.
System memory in use after: 88.0 MB.

Unloading 12 unused Assets to reduce memory usage. Loaded Objects now: 2275.
Total: 3.022800 ms (FindLiveObjects: 0.354500 ms CreateObjectMapping: 0.096000 ms MarkObjects: 2.380500 ms  DeleteObjects: 0.190300 ms)

========================================================================
Received Import Request.
  Time since last request: 95.964596 seconds.
  path: Assets/Camera_move.cs
  artifactKey: Guid(db7aa0a5a3215d145aa22daa5349afde) Importer(815301076,1909f56bfc062723c751e8b465ee728b)
Start importing Assets/Camera_move.cs using Guid(db7aa0a5a3215d145aa22daa5349afde) Importer(815301076,1909f56bfc062723c751e8b465ee728b)  -> (artifact id: '2b36e84e2f734cecb67a4b9cc3bcfd5a') in 0.022755 seconds
  Import took 0.043042 seconds .

========================================================================
Received Import Request.
  Time since last request: 0.006057 seconds.
  path: Assets/Camera_move.cs
  artifactKey: Guid(db7aa0a5a3215d145aa22daa5349afde) Importer(815301076,1909f56bfc062723c751e8b465ee728b)
Start importing Assets/Camera_move.cs using Guid(db7aa0a5a3215d145aa22daa5349afde) Importer(815301076,1909f56bfc062723c751e8b465ee728b)  -> (artifact id: '2b36e84e2f734cecb67a4b9cc3bcfd5a') in 0.020064 seconds
  Import took 0.033180 seconds .

========================================================================
Received Prepare
Registering precompiled user dll's ...
Registered in 0.001524 seconds.
Begin MonoManager ReloadAssembly
Native extension for WindowsStandalone target not found
Refreshing native plugins compatible for Editor in 0.77 ms, found 1 plugins.
Preloading 0 native plugins for Editor in 0.00 ms.
Mono: successfully reloaded assembly
- Completed reload, in  1.658 seconds
Platform modules already initialized, skipping
Refreshing native plugins compatible for Editor in 0.58 ms, found 1 plugins.
Preloading 0 native plugins for Editor in 0.00 ms.
Unloading 1806 Unused Serialized files (Serialized files now loaded: 0)
System memory in use before: 88.1 MB.
System memory in use after: 88.0 MB.

Unloading 12 unused Assets to reduce memory usage. Loaded Objects now: 2279.
Total: 3.025200 ms (FindLiveObjects: 0.341600 ms CreateObjectMapping: 0.094300 ms MarkObjects: 2.218500 ms  DeleteObjects: 0.369700 ms)

========================================================================
Received Prepare
Registering precompiled user dll's ...
Registered in 0.001574 seconds.
Begin MonoManager ReloadAssembly
Native extension for WindowsStandalone target not found
Refreshing native plugins compatible for Editor in 0.62 ms, found 1 plugins.
Preloading 0 native plugins for Editor in 0.00 ms.
Mono: successfully reloaded assembly
- Completed reload, in  1.840 seconds
Platform modules already initialized, skipping
Refreshing native plugins compatible for Editor in 0.58 ms, found 1 plugins.
Preloading 0 native plugins for Editor in 0.00 ms.
Unloading 1806 Unused Serialized files (Serialized files now loaded: 0)
System memory in use before: 88.1 MB.
System memory in use after: 88.0 MB.

Unloading 12 unused Assets to reduce memory usage. Loaded Objects now: 2283.
Total: 2.953000 ms (FindLiveObjects: 0.364200 ms CreateObjectMapping: 0.096500 ms MarkObjects: 2.308100 ms  DeleteObjects: 0.183000 ms)

========================================================================
Received Prepare
Registering precompiled user dll's ...
Registered in 0.001607 seconds.
Begin MonoManager ReloadAssembly
Native extension for WindowsStandalone target not found
Refreshing native plugins compatible for Editor in 0.60 ms, found 1 plugins.
Preloading 0 native plugins for Editor in 0.00 ms.
Mono: successfully reloaded assembly
- Completed reload, in  1.693 seconds
Platform modules already initialized, skipping
Refreshing native plugins compatible for Editor in 0.64 ms, found 1 plugins.
Preloading 0 native plugins for Editor in 0.00 ms.
Unloading 1806 Unused Serialized files (Serialized files now loaded: 0)
System memory in use before: 88.1 MB.
System memory in use after: 88.1 MB.

Unloading 12 unused Assets to reduce memory usage. Loaded Objects now: 2287.
Total: 3.258600 ms (FindLiveObjects: 0.370600 ms CreateObjectMapping: 0.103300 ms MarkObjects: 2.613800 ms  DeleteObjects: 0.169500 ms)

========================================================================
Received Prepare
Registering precompiled user dll's ...
Registered in 0.001471 seconds.
Begin MonoManager ReloadAssembly
Native extension for WindowsStandalone target not found
Refreshing native plugins compatible for Editor in 0.58 ms, found 1 plugins.
Preloading 0 native plugins for Editor in 0.00 ms.
Mono: successfully reloaded assembly
- Completed reload, in  1.734 seconds
Platform modules already initialized, skipping
Refreshing native plugins compatible for Editor in 0.57 ms, found 1 plugins.
Preloading 0 native plugins for Editor in 0.00 ms.
Unloading 1806 Unused Serialized files (Serialized files now loaded: 0)
System memory in use before: 88.1 MB.
System memory in use after: 88.1 MB.

Unloading 12 unused Assets to reduce memory usage. Loaded Objects now: 2291.
Total: 3.592200 ms (FindLiveObjects: 0.365100 ms CreateObjectMapping: 0.089300 ms MarkObjects: 2.914900 ms  DeleteObjects: 0.221400 ms)

========================================================================
Received Prepare
Registering precompiled user dll's ...
Registered in 0.002105 seconds.
Begin MonoManager ReloadAssembly
Native extension for WindowsStandalone target not found
Refreshing native plugins compatible for Editor in 0.95 ms, found 1 plugins.
Preloading 0 native plugins for Editor in 0.00 ms.
Mono: successfully reloaded assembly
- Completed reload, in  1.775 seconds
Platform modules already initialized, skipping
Refreshing native plugins compatible for Editor in 0.72 ms, found 1 plugins.
Preloading 0 native plugins for Editor in 0.00 ms.
Unloading 1806 Unused Serialized files (Serialized files now loaded: 0)
System memory in use before: 88.1 MB.
System memory in use after: 88.1 MB.

Unloading 12 unused Assets to reduce memory usage. Loaded Objects now: 2295.
Total: 3.192000 ms (FindLiveObjects: 0.520400 ms CreateObjectMapping: 0.199900 ms MarkObjects: 2.304200 ms  DeleteObjects: 0.166300 ms)

========================================================================
Received Import Request.
  Time since last request: 625.142205 seconds.
  path: Assets/Scripts
  artifactKey: Guid(6f84a80ed5d684f469e4d8bb5a7f5122) Importer(815301076,1909f56bfc062723c751e8b465ee728b)
Start importing Assets/Scripts using Guid(6f84a80ed5d684f469e4d8bb5a7f5122) Importer(815301076,1909f56bfc062723c751e8b465ee728b)  -> (artifact id: '49f77bc45cd725a718afb73ab5f92a8d') in 0.035864 seconds
  Import took 0.081135 seconds .

========================================================================
Received Prepare
Registering precompiled user dll's ...
Registered in 0.001705 seconds.
Begin MonoManager ReloadAssembly
Native extension for WindowsStandalone target not found
Refreshing native plugins compatible for Editor in 0.66 ms, found 1 plugins.
Preloading 0 native plugins for Editor in 0.00 ms.
Mono: successfully reloaded assembly
- Completed reload, in  1.747 seconds
Platform modules already initialized, skipping
Refreshing native plugins compatible for Editor in 1.06 ms, found 1 plugins.
Preloading 0 native plugins for Editor in 0.00 ms.
Unloading 1806 Unused Serialized files (Serialized files now loaded: 0)
System memory in use before: 88.1 MB.
System memory in use after: 88.1 MB.

Unloading 12 unused Assets to reduce memory usage. Loaded Objects now: 2299.
Total: 3.188500 ms (FindLiveObjects: 0.367600 ms CreateObjectMapping: 0.097900 ms MarkObjects: 2.535100 ms  DeleteObjects: 0.186400 ms)

========================================================================
Received Prepare
Registering precompiled user dll's ...
Registered in 0.001559 seconds.
Begin MonoManager ReloadAssembly
Native extension for WindowsStandalone target not found
Refreshing native plugins compatible for Editor in 0.71 ms, found 1 plugins.
Preloading 0 native plugins for Editor in 0.00 ms.
Mono: successfully reloaded assembly
- Completed reload, in  1.877 seconds
Platform modules already initialized, skipping
Refreshing native plugins compatible for Editor in 0.68 ms, found 1 plugins.
Preloading 0 native plugins for Editor in 0.00 ms.
Unloading 1806 Unused Serialized files (Serialized files now loaded: 0)
System memory in use before: 88.1 MB.
System memory in use after: 88.1 MB.

Unloading 12 unused Assets to reduce memory usage. Loaded Objects now: 2303.
Total: 3.636000 ms (FindLiveObjects: 0.409000 ms CreateObjectMapping: 0.113300 ms MarkObjects: 2.905800 ms  DeleteObjects: 0.206200 ms)

========================================================================
Received Prepare
Registering precompiled user dll's ...
Registered in 0.001452 seconds.
Begin MonoManager ReloadAssembly
Native extension for WindowsStandalone target not found
Refreshing native plugins compatible for Editor in 0.83 ms, found 1 plugins.
Preloading 0 native plugins for Editor in 0.00 ms.
Mono: successfully reloaded assembly
- Completed reload, in  2.289 seconds
Platform modules already initialized, skipping
Refreshing native plugins compatible for Editor in 0.71 ms, found 1 plugins.
Preloading 0 native plugins for Editor in 0.00 ms.
Unloading 1806 Unused Serialized files (Serialized files now loaded: 0)
System memory in use before: 88.1 MB.
System memory in use after: 88.1 MB.

Unloading 12 unused Assets to reduce memory usage. Loaded Objects now: 2307.
Total: 4.900300 ms (FindLiveObjects: 0.403000 ms CreateObjectMapping: 0.100900 ms MarkObjects: 4.167300 ms  DeleteObjects: 0.227000 ms)

========================================================================
Received Import Request.
  Time since last request: 110.405522 seconds.
  path: Assets/Animation
  artifactKey: Guid(00365d004ccf62243b38e36c1fb59233) Importer(815301076,1909f56bfc062723c751e8b465ee728b)
Start importing Assets/Animation using Guid(00365d004ccf62243b38e36c1fb59233) Importer(815301076,1909f56bfc062723c751e8b465ee728b)  -> (artifact id: 'a0300d0c674f188d6687516782c4820f') in 0.046445 seconds
  Import took 0.069212 seconds .

========================================================================
Received Import Request.
  Time since last request: 2.545642 seconds.
  path: Assets/Player_walk.anim
  artifactKey: Guid(e5bcdd8051c1af841b922139ccfc2103) Importer(815301076,1909f56bfc062723c751e8b465ee728b)
Start importing Assets/Player_walk.anim using Guid(e5bcdd8051c1af841b922139ccfc2103) Importer(815301076,1909f56bfc062723c751e8b465ee728b)  -> (artifact id: '3fd23fa11036ce153a80a617411d3d17') in 0.091821 seconds
  Import took 0.131733 seconds .

========================================================================
Received Import Request.
  Time since last request: 3.569671 seconds.
  path: Assets/player0.controller
  artifactKey: Guid(93758519d91347142b84458db07c1142) Importer(815301076,1909f56bfc062723c751e8b465ee728b)
Start importing Assets/player0.controller using Guid(93758519d91347142b84458db07c1142) Importer(815301076,1909f56bfc062723c751e8b465ee728b)  -> (artifact id: 'e0ebe510818b351f254e0a4d2582eda9') in 0.026325 seconds
  Import took 0.083600 seconds .

========================================================================
Received Import Request.
  Time since last request: 49.611023 seconds.
  path: Assets/grafics/Character.png
  artifactKey: Guid(6a57003b5cfe138438a1abab33a7baad) Importer(815301076,1909f56bfc062723c751e8b465ee728b)
Start importing Assets/grafics/Character.png using Guid(6a57003b5cfe138438a1abab33a7baad) Importer(815301076,1909f56bfc062723c751e8b465ee728b)  -> (artifact id: 'df03ddf539560d2782566d06df299f41') in 0.178909 seconds
  Import took 0.588385 seconds .

========================================================================
Received Import Request.
  Time since last request: 0.478245 seconds.
  path: Assets/grafics/Player_Nado.anim
  artifactKey: Guid(21f3cc418171c5046bcfbe372999990e) Importer(815301076,1909f56bfc062723c751e8b465ee728b)
Start importing Assets/grafics/Player_Nado.anim using Guid(21f3cc418171c5046bcfbe372999990e) Importer(815301076,1909f56bfc062723c751e8b465ee728b)  -> (artifact id: '3621fb6c46906b7fea84308def094fc2') in 0.043868 seconds
  Import took 0.085907 seconds .

========================================================================
Received Import Request.
  Time since last request: 0.638635 seconds.
  path: Assets/grafics/Player_Attack.anim
  artifactKey: Guid(1d52f9f99158f8143a1d975f454a6e1c) Importer(815301076,1909f56bfc062723c751e8b465ee728b)
Start importing Assets/grafics/Player_Attack.anim using Guid(1d52f9f99158f8143a1d975f454a6e1c) Importer(815301076,1909f56bfc062723c751e8b465ee728b)  -> (artifact id: 'f159c27bc2b7fbf111df7210ea91d3b0') in 0.020641 seconds
  Import took 0.037954 seconds .

========================================================================
Received Import Request.
  Time since last request: 24.916200 seconds.
  path: Assets/Player_Idle.anim
  artifactKey: Guid(f48b300b63a2fec4f8b4288bc167086b) Importer(815301076,1909f56bfc062723c751e8b465ee728b)
Start importing Assets/Player_Idle.anim using Guid(f48b300b63a2fec4f8b4288bc167086b) Importer(815301076,1909f56bfc062723c751e8b465ee728b)  -> (artifact id: '8996a6aef8687edf6622b71805ac9755') in 0.046210 seconds
  Import took 0.084962 seconds .

========================================================================
Received Prepare
Registering precompiled user dll's ...
Registered in 0.001555 seconds.
Begin MonoManager ReloadAssembly
Native extension for WindowsStandalone target not found
Refreshing native plugins compatible for Editor in 0.59 ms, found 1 plugins.
Preloading 0 native plugins for Editor in 0.00 ms.
Mono: successfully reloaded assembly
- Completed reload, in  1.529 seconds
Platform modules already initialized, skipping
Refreshing native plugins compatible for Editor in 0.60 ms, found 1 plugins.
Preloading 0 native plugins for Editor in 0.00 ms.
Unloading 1806 Unused Serialized files (Serialized files now loaded: 0)
System memory in use before: 88.2 MB.
System memory in use after: 88.2 MB.

Unloading 12 unused Assets to reduce memory usage. Loaded Objects now: 2344.
Total: 3.576900 ms (FindLiveObjects: 0.431600 ms CreateObjectMapping: 0.098900 ms MarkObjects: 2.876700 ms  DeleteObjects: 0.168200 ms)

========================================================================
Received Prepare
Registering precompiled user dll's ...
Registered in 0.002054 seconds.
Begin MonoManager ReloadAssembly
Native extension for WindowsStandalone target not found
Refreshing native plugins compatible for Editor in 0.65 ms, found 1 plugins.
Preloading 0 native plugins for Editor in 0.00 ms.
Mono: successfully reloaded assembly
- Completed reload, in  1.580 seconds
Platform modules already initialized, skipping
Refreshing native plugins compatible for Editor in 0.64 ms, found 1 plugins.
Preloading 0 native plugins for Editor in 0.00 ms.
Unloading 1806 Unused Serialized files (Serialized files now loaded: 0)
System memory in use before: 88.2 MB.
System memory in use after: 88.2 MB.

Unloading 12 unused Assets to reduce memory usage. Loaded Objects now: 2348.
Total: 3.134400 ms (FindLiveObjects: 0.365100 ms CreateObjectMapping: 0.095600 ms MarkObjects: 2.459000 ms  DeleteObjects: 0.212900 ms)

========================================================================
Received Prepare
Registering precompiled user dll's ...
Registered in 0.001512 seconds.
Begin MonoManager ReloadAssembly
Native extension for WindowsStandalone target not found
Refreshing native plugins compatible for Editor in 0.76 ms, found 1 plugins.
Preloading 0 native plugins for Editor in 0.00 ms.
Mono: successfully reloaded assembly
- Completed reload, in  2.054 seconds
Platform modules already initialized, skipping
Refreshing native plugins compatible for Editor in 0.84 ms, found 1 plugins.
Preloading 0 native plugins for Editor in 0.00 ms.
Unloading 1806 Unused Serialized files (Serialized files now loaded: 0)
System memory in use before: 88.2 MB.
System memory in use after: 88.2 MB.

Unloading 12 unused Assets to reduce memory usage. Loaded Objects now: 2352.
Total: 11.823700 ms (FindLiveObjects: 0.528000 ms CreateObjectMapping: 0.476100 ms MarkObjects: 10.563600 ms  DeleteObjects: 0.253500 ms)

========================================================================
Received Prepare
Registering precompiled user dll's ...
Registered in 0.001805 seconds.
Begin MonoManager ReloadAssembly
Native extension for WindowsStandalone target not found
Refreshing native plugins compatible for Editor in 0.69 ms, found 1 plugins.
Preloading 0 native plugins for Editor in 0.00 ms.
Mono: successfully reloaded assembly
- Completed reload, in  1.970 seconds
Platform modules already initialized, skipping
Refreshing native plugins compatible for Editor in 0.70 ms, found 1 plugins.
Preloading 0 native plugins for Editor in 0.00 ms.
Unloading 1806 Unused Serialized files (Serialized files now loaded: 0)
System memory in use before: 88.2 MB.
System memory in use after: 88.2 MB.

Unloading 12 unused Assets to reduce memory usage. Loaded Objects now: 2356.
Total: 13.863000 ms (FindLiveObjects: 0.493000 ms CreateObjectMapping: 0.118900 ms MarkObjects: 12.527600 ms  DeleteObjects: 0.719300 ms)

========================================================================
Received Prepare
Registering precompiled user dll's ...
Registered in 0.001543 seconds.
Begin MonoManager ReloadAssembly
Native extension for WindowsStandalone target not found
Refreshing native plugins compatible for Editor in 0.78 ms, found 1 plugins.
Preloading 0 native plugins for Editor in 0.00 ms.
Mono: successfully reloaded assembly
- Completed reload, in  2.005 seconds
Platform modules already initialized, skipping
Refreshing native plugins compatible for Editor in 0.61 ms, found 1 plugins.
Preloading 0 native plugins for Editor in 0.00 ms.
Unloading 1806 Unused Serialized files (Serialized files now loaded: 0)
System memory in use before: 88.2 MB.
System memory in use after: 88.2 MB.

Unloading 12 unused Assets to reduce memory usage. Loaded Objects now: 2360.
Total: 2.910400 ms (FindLiveObjects: 0.362600 ms CreateObjectMapping: 0.095400 ms MarkObjects: 2.257700 ms  DeleteObjects: 0.193300 ms)

========================================================================
Received Prepare
Registering precompiled user dll's ...
Registered in 0.002309 seconds.
Begin MonoManager ReloadAssembly
Native extension for WindowsStandalone target not found
Refreshing native plugins compatible for Editor in 1.03 ms, found 1 plugins.
Preloading 0 native plugins for Editor in 0.00 ms.
Mono: successfully reloaded assembly
- Completed reload, in  1.649 seconds
Platform modules already initialized, skipping
Refreshing native plugins compatible for Editor in 0.74 ms, found 1 plugins.
Preloading 0 native plugins for Editor in 0.00 ms.
Unloading 1806 Unused Serialized files (Serialized files now loaded: 0)
System memory in use before: 88.2 MB.
System memory in use after: 88.2 MB.

Unloading 12 unused Assets to reduce memory usage. Loaded Objects now: 2364.
Total: 2.936500 ms (FindLiveObjects: 0.355100 ms CreateObjectMapping: 0.096200 ms MarkObjects: 2.295500 ms  DeleteObjects: 0.188400 ms)

========================================================================
Received Prepare
Registering precompiled user dll's ...
Registered in 0.001842 seconds.
Begin MonoManager ReloadAssembly
Native extension for WindowsStandalone target not found
Refreshing native plugins compatible for Editor in 0.64 ms, found 1 plugins.
Preloading 0 native plugins for Editor in 0.00 ms.
Mono: successfully reloaded assembly
- Completed reload, in  1.944 seconds
Platform modules already initialized, skipping
Refreshing native plugins compatible for Editor in 0.62 ms, found 1 plugins.
Preloading 0 native plugins for Editor in 0.00 ms.
Unloading 1806 Unused Serialized files (Serialized files now loaded: 0)
System memory in use before: 88.2 MB.
System memory in use after: 88.2 MB.

Unloading 12 unused Assets to reduce memory usage. Loaded Objects now: 2368.
Total: 5.502200 ms (FindLiveObjects: 0.995900 ms CreateObjectMapping: 0.375100 ms MarkObjects: 3.894600 ms  DeleteObjects: 0.234900 ms)

========================================================================
Received Prepare
Registering precompiled user dll's ...
Registered in 0.002096 seconds.
Begin MonoManager ReloadAssembly
Native extension for WindowsStandalone target not found
Refreshing native plugins compatible for Editor in 0.65 ms, found 1 plugins.
Preloading 0 native plugins for Editor in 0.00 ms.
Mono: successfully reloaded assembly
- Completed reload, in  1.649 seconds
Platform modules already initialized, skipping
Refreshing native plugins compatible for Editor in 0.62 ms, found 1 plugins.
Preloading 0 native plugins for Editor in 0.00 ms.
Unloading 1806 Unused Serialized files (Serialized files now loaded: 0)
System memory in use before: 88.3 MB.
System memory in use after: 88.2 MB.

Unloading 12 unused Assets to reduce memory usage. Loaded Objects now: 2372.
Total: 3.191500 ms (FindLiveObjects: 0.366500 ms CreateObjectMapping: 0.095600 ms MarkObjects: 2.544400 ms  DeleteObjects: 0.183500 ms)

========================================================================
Received Prepare
Registering precompiled user dll's ...
Registered in 0.001489 seconds.
Begin MonoManager ReloadAssembly
Native extension for WindowsStandalone target not found
Refreshing native plugins compatible for Editor in 0.63 ms, found 1 plugins.
Preloading 0 native plugins for Editor in 0.00 ms.
Mono: successfully reloaded assembly
- Completed reload, in  1.649 seconds
Platform modules already initialized, skipping
Refreshing native plugins compatible for Editor in 0.67 ms, found 1 plugins.
Preloading 0 native plugins for Editor in 0.00 ms.
Unloading 1806 Unused Serialized files (Serialized files now loaded: 0)
System memory in use before: 88.3 MB.
System memory in use after: 88.2 MB.

Unloading 12 unused Assets to reduce memory usage. Loaded Objects now: 2376.
Total: 3.270500 ms (FindLiveObjects: 0.400600 ms CreateObjectMapping: 0.091900 ms MarkObjects: 2.609200 ms  DeleteObjects: 0.166700 ms)

========================================================================
Received Prepare
Registering precompiled user dll's ...
Registered in 0.001514 seconds.
Begin MonoManager ReloadAssembly
Native extension for WindowsStandalone target not found
Refreshing native plugins compatible for Editor in 0.62 ms, found 1 plugins.
Preloading 0 native plugins for Editor in 0.00 ms.
Mono: successfully reloaded assembly
- Completed reload, in  2.048 seconds
Platform modules already initialized, skipping
Refreshing native plugins compatible for Editor in 0.68 ms, found 1 plugins.
Preloading 0 native plugins for Editor in 0.00 ms.
Unloading 1806 Unused Serialized files (Serialized files now loaded: 0)
System memory in use before: 88.3 MB.
System memory in use after: 88.2 MB.

Unloading 12 unused Assets to reduce memory usage. Loaded Objects now: 2380.
Total: 3.028200 ms (FindLiveObjects: 0.412500 ms CreateObjectMapping: 0.097700 ms MarkObjects: 2.330900 ms  DeleteObjects: 0.185500 ms)

========================================================================
Received Prepare
Registering precompiled user dll's ...
Registered in 0.001440 seconds.
Begin MonoManager ReloadAssembly
Native extension for WindowsStandalone target not found
Refreshing native plugins compatible for Editor in 0.95 ms, found 1 plugins.
Preloading 0 native plugins for Editor in 0.00 ms.
Mono: successfully reloaded assembly
- Completed reload, in  1.553 seconds
Platform modules already initialized, skipping
Refreshing native plugins compatible for Editor in 0.70 ms, found 1 plugins.
Preloading 0 native plugins for Editor in 0.00 ms.
Unloading 1806 Unused Serialized files (Serialized files now loaded: 0)
System memory in use before: 88.3 MB.
System memory in use after: 88.3 MB.

Unloading 12 unused Assets to reduce memory usage. Loaded Objects now: 2384.
Total: 3.021500 ms (FindLiveObjects: 0.360500 ms CreateObjectMapping: 0.096900 ms MarkObjects: 2.332800 ms  DeleteObjects: 0.229500 ms)

========================================================================
Received Prepare
Registering precompiled user dll's ...
Registered in 0.001611 seconds.
Begin MonoManager ReloadAssembly
Native extension for WindowsStandalone target not found
Refreshing native plugins compatible for Editor in 0.61 ms, found 1 plugins.
Preloading 0 native plugins for Editor in 0.00 ms.
Mono: successfully reloaded assembly
- Completed reload, in  1.472 seconds
Platform modules already initialized, skipping
Refreshing native plugins compatible for Editor in 0.62 ms, found 1 plugins.
Preloading 0 native plugins for Editor in 0.00 ms.
Unloading 1806 Unused Serialized files (Serialized files now loaded: 0)
System memory in use before: 88.3 MB.
System memory in use after: 88.3 MB.

Unloading 12 unused Assets to reduce memory usage. Loaded Objects now: 2388.
Total: 3.111600 ms (FindLiveObjects: 0.400900 ms CreateObjectMapping: 0.100500 ms MarkObjects: 2.436000 ms  DeleteObjects: 0.172900 ms)

========================================================================
Received Prepare
Registering precompiled user dll's ...
Registered in 0.001449 seconds.
Begin MonoManager ReloadAssembly
Native extension for WindowsStandalone target not found
Refreshing native plugins compatible for Editor in 0.59 ms, found 1 plugins.
Preloading 0 native plugins for Editor in 0.00 ms.
Mono: successfully reloaded assembly
- Completed reload, in  1.483 seconds
Platform modules already initialized, skipping
Refreshing native plugins compatible for Editor in 0.62 ms, found 1 plugins.
Preloading 0 native plugins for Editor in 0.00 ms.
Unloading 1806 Unused Serialized files (Serialized files now loaded: 0)
System memory in use before: 88.3 MB.
System memory in use after: 88.3 MB.

Unloading 12 unused Assets to reduce memory usage. Loaded Objects now: 2392.
Total: 3.516700 ms (FindLiveObjects: 0.510900 ms CreateObjectMapping: 0.201600 ms MarkObjects: 2.619600 ms  DeleteObjects: 0.183300 ms)

========================================================================
Received Prepare
Registering precompiled user dll's ...
Registered in 0.002114 seconds.
Begin MonoManager ReloadAssembly
Native extension for WindowsStandalone target not found
Refreshing native plugins compatible for Editor in 0.60 ms, found 1 plugins.
Preloading 0 native plugins for Editor in 0.00 ms.
Mono: successfully reloaded assembly
- Completed reload, in  1.603 seconds
Platform modules already initialized, skipping
Refreshing native plugins compatible for Editor in 0.63 ms, found 1 plugins.
Preloading 0 native plugins for Editor in 0.00 ms.
Unloading 1806 Unused Serialized files (Serialized files now loaded: 0)
System memory in use before: 88.3 MB.
System memory in use after: 88.3 MB.

Unloading 12 unused Assets to reduce memory usage. Loaded Objects now: 2396.
Total: 3.363600 ms (FindLiveObjects: 0.430400 ms CreateObjectMapping: 0.109700 ms MarkObjects: 2.644200 ms  DeleteObjects: 0.178000 ms)

========================================================================
Received Prepare
Registering precompiled user dll's ...
Registered in 0.001363 seconds.
Begin MonoManager ReloadAssembly
Native extension for WindowsStandalone target not found
Refreshing native plugins compatible for Editor in 0.69 ms, found 1 plugins.
Preloading 0 native plugins for Editor in 0.00 ms.
Mono: successfully reloaded assembly
- Completed reload, in  1.686 seconds
Platform modules already initialized, skipping
Refreshing native plugins compatible for Editor in 0.61 ms, found 1 plugins.
Preloading 0 native plugins for Editor in 0.00 ms.
Unloading 1806 Unused Serialized files (Serialized files now loaded: 0)
System memory in use before: 88.3 MB.
System memory in use after: 88.3 MB.

Unloading 12 unused Assets to reduce memory usage. Loaded Objects now: 2400.
Total: 3.028300 ms (FindLiveObjects: 0.355200 ms CreateObjectMapping: 0.094600 ms MarkObjects: 2.394100 ms  DeleteObjects: 0.183100 ms)

========================================================================
Received Prepare
Registering precompiled user dll's ...
Registered in 0.001738 seconds.
Begin MonoManager ReloadAssembly
Native extension for WindowsStandalone target not found
Refreshing native plugins compatible for Editor in 0.63 ms, found 1 plugins.
Preloading 0 native plugins for Editor in 0.00 ms.
Mono: successfully reloaded assembly
- Completed reload, in  1.566 seconds
Platform modules already initialized, skipping
Refreshing native plugins compatible for Editor in 0.66 ms, found 1 plugins.
Preloading 0 native plugins for Editor in 0.00 ms.
Unloading 1806 Unused Serialized files (Serialized files now loaded: 0)
System memory in use before: 88.3 MB.
System memory in use after: 88.3 MB.

Unloading 12 unused Assets to reduce memory usage. Loaded Objects now: 2404.
Total: 2.903200 ms (FindLiveObjects: 0.360700 ms CreateObjectMapping: 0.094600 ms MarkObjects: 2.254400 ms  DeleteObjects: 0.192000 ms)

========================================================================
Received Prepare
Registering precompiled user dll's ...
Registered in 0.001831 seconds.
Begin MonoManager ReloadAssembly
Native extension for WindowsStandalone target not found
Refreshing native plugins compatible for Editor in 0.77 ms, found 1 plugins.
Preloading 0 native plugins for Editor in 0.00 ms.
Mono: successfully reloaded assembly
- Completed reload, in  1.635 seconds
Platform modules already initialized, skipping
Refreshing native plugins compatible for Editor in 0.61 ms, found 1 plugins.
Preloading 0 native plugins for Editor in 0.00 ms.
Unloading 1806 Unused Serialized files (Serialized files now loaded: 0)
System memory in use before: 88.3 MB.
System memory in use after: 88.3 MB.

Unloading 12 unused Assets to reduce memory usage. Loaded Objects now: 2408.
Total: 3.976100 ms (FindLiveObjects: 0.391500 ms CreateObjectMapping: 0.096300 ms MarkObjects: 3.306300 ms  DeleteObjects: 0.180200 ms)

========================================================================
Received Prepare
Registering precompiled user dll's ...
Registered in 0.001675 seconds.
Begin MonoManager ReloadAssembly
Native extension for WindowsStandalone target not found
Refreshing native plugins compatible for Editor in 0.59 ms, found 1 plugins.
Preloading 0 native plugins for Editor in 0.00 ms.
Mono: successfully reloaded assembly
- Completed reload, in  1.968 seconds
Platform modules already initialized, skipping
Refreshing native plugins compatible for Editor in 0.62 ms, found 1 plugins.
Preloading 0 native plugins for Editor in 0.00 ms.
Unloading 1806 Unused Serialized files (Serialized files now loaded: 0)
System memory in use before: 88.3 MB.
System memory in use after: 88.3 MB.

Unloading 12 unused Assets to reduce memory usage. Loaded Objects now: 2412.
Total: 3.047400 ms (FindLiveObjects: 0.367000 ms CreateObjectMapping: 0.095400 ms MarkObjects: 2.408600 ms  DeleteObjects: 0.175100 ms)

========================================================================
Received Prepare
Registering precompiled user dll's ...
Registered in 0.003514 seconds.
Begin MonoManager ReloadAssembly
Native extension for WindowsStandalone target not found
Refreshing native plugins compatible for Editor in 0.69 ms, found 1 plugins.
Preloading 0 native plugins for Editor in 0.00 ms.
Mono: successfully reloaded assembly
- Completed reload, in  1.623 seconds
Platform modules already initialized, skipping
Refreshing native plugins compatible for Editor in 0.63 ms, found 1 plugins.
Preloading 0 native plugins for Editor in 0.00 ms.
Unloading 1806 Unused Serialized files (Serialized files now loaded: 0)
System memory in use before: 88.3 MB.
System memory in use after: 88.3 MB.

Unloading 12 unused Assets to reduce memory usage. Loaded Objects now: 2416.
Total: 4.073300 ms (FindLiveObjects: 0.384600 ms CreateObjectMapping: 0.103500 ms MarkObjects: 3.364000 ms  DeleteObjects: 0.219600 ms)

========================================================================
Received Prepare
Registering precompiled user dll's ...
Registered in 0.002196 seconds.
Begin MonoManager ReloadAssembly
Native extension for WindowsStandalone target not found
Refreshing native plugins compatible for Editor in 0.69 ms, found 1 plugins.
Preloading 0 native plugins for Editor in 0.00 ms.
Mono: successfully reloaded assembly
- Completed reload, in  1.607 seconds
Platform modules already initialized, skipping
Refreshing native plugins compatible for Editor in 0.66 ms, found 1 plugins.
Preloading 0 native plugins for Editor in 0.00 ms.
Unloading 1806 Unused Serialized files (Serialized files now loaded: 0)
System memory in use before: 88.4 MB.
System memory in use after: 88.3 MB.

Unloading 12 unused Assets to reduce memory usage. Loaded Objects now: 2420.
Total: 3.500500 ms (FindLiveObjects: 0.543700 ms CreateObjectMapping: 0.304800 ms MarkObjects: 2.439000 ms  DeleteObjects: 0.211000 ms)

========================================================================
Received Prepare
Registering precompiled user dll's ...
Registered in 0.001556 seconds.
Begin MonoManager ReloadAssembly
Native extension for WindowsStandalone target not found
Refreshing native plugins compatible for Editor in 0.71 ms, found 1 plugins.
Preloading 0 native plugins for Editor in 0.00 ms.
Mono: successfully reloaded assembly
- Completed reload, in  1.878 seconds
Platform modules already initialized, skipping
Refreshing native plugins compatible for Editor in 0.65 ms, found 1 plugins.
Preloading 0 native plugins for Editor in 0.00 ms.
Unloading 1806 Unused Serialized files (Serialized files now loaded: 0)
System memory in use before: 88.4 MB.
System memory in use after: 88.3 MB.

Unloading 12 unused Assets to reduce memory usage. Loaded Objects now: 2424.
Total: 2.954300 ms (FindLiveObjects: 0.366100 ms CreateObjectMapping: 0.103100 ms MarkObjects: 2.313200 ms  DeleteObjects: 0.170400 ms)

========================================================================
Received Prepare
Registering precompiled user dll's ...
Registered in 0.001536 seconds.
Begin MonoManager ReloadAssembly
Native extension for WindowsStandalone target not found
Refreshing native plugins compatible for Editor in 0.60 ms, found 1 plugins.
Preloading 0 native plugins for Editor in 0.00 ms.
Mono: successfully reloaded assembly
- Completed reload, in  1.612 seconds
Platform modules already initialized, skipping
Refreshing native plugins compatible for Editor in 0.58 ms, found 1 plugins.
Preloading 0 native plugins for Editor in 0.00 ms.
Unloading 1806 Unused Serialized files (Serialized files now loaded: 0)
System memory in use before: 88.4 MB.
System memory in use after: 88.4 MB.

Unloading 12 unused Assets to reduce memory usage. Loaded Objects now: 2428.
Total: 3.070600 ms (FindLiveObjects: 0.371400 ms CreateObjectMapping: 0.090100 ms MarkObjects: 2.440900 ms  DeleteObjects: 0.167000 ms)

========================================================================
Received Prepare
Registering precompiled user dll's ...
Registered in 0.001504 seconds.
Begin MonoManager ReloadAssembly
Native extension for WindowsStandalone target not found
Refreshing native plugins compatible for Editor in 0.66 ms, found 1 plugins.
Preloading 0 native plugins for Editor in 0.00 ms.
Mono: successfully reloaded assembly
- Completed reload, in  1.577 seconds
Platform modules already initialized, skipping
Refreshing native plugins compatible for Editor in 0.60 ms, found 1 plugins.
Preloading 0 native plugins for Editor in 0.00 ms.
Unloading 1806 Unused Serialized files (Serialized files now loaded: 0)
System memory in use before: 88.4 MB.
System memory in use after: 88.4 MB.

Unloading 12 unused Assets to reduce memory usage. Loaded Objects now: 2432.
Total: 3.070800 ms (FindLiveObjects: 0.383400 ms CreateObjectMapping: 0.099300 ms MarkObjects: 2.410800 ms  DeleteObjects: 0.176000 ms)

========================================================================
Received Prepare
Registering precompiled user dll's ...
Registered in 0.001473 seconds.
Begin MonoManager ReloadAssembly
Native extension for WindowsStandalone target not found
Refreshing native plugins compatible for Editor in 0.59 ms, found 1 plugins.
Preloading 0 native plugins for Editor in 0.00 ms.
Mono: successfully reloaded assembly
- Completed reload, in  1.559 seconds
Platform modules already initialized, skipping
Refreshing native plugins compatible for Editor in 0.61 ms, found 1 plugins.
Preloading 0 native plugins for Editor in 0.00 ms.
Unloading 1806 Unused Serialized files (Serialized files now loaded: 0)
System memory in use before: 88.4 MB.
System memory in use after: 88.4 MB.

Unloading 12 unused Assets to reduce memory usage. Loaded Objects now: 2436.
Total: 3.529500 ms (FindLiveObjects: 0.445900 ms CreateObjectMapping: 0.097500 ms MarkObjects: 2.791500 ms  DeleteObjects: 0.191700 ms)

========================================================================
Received Prepare
Registering precompiled user dll's ...
Registered in 0.001998 seconds.
Begin MonoManager ReloadAssembly
Native extension for WindowsStandalone target not found
Refreshing native plugins compatible for Editor in 0.62 ms, found 1 plugins.
Preloading 0 native plugins for Editor in 0.00 ms.
Mono: successfully reloaded assembly
- Completed reload, in  1.695 seconds
Platform modules already initialized, skipping
Refreshing native plugins compatible for Editor in 0.60 ms, found 1 plugins.
Preloading 0 native plugins for Editor in 0.00 ms.
Unloading 1806 Unused Serialized files (Serialized files now loaded: 0)
System memory in use before: 88.4 MB.
System memory in use after: 88.4 MB.

Unloading 12 unused Assets to reduce memory usage. Loaded Objects now: 2440.
Total: 2.937500 ms (FindLiveObjects: 0.377800 ms CreateObjectMapping: 0.098300 ms MarkObjects: 2.270600 ms  DeleteObjects: 0.189600 ms)

========================================================================
Received Prepare
Registering precompiled user dll's ...
Registered in 0.002295 seconds.
Begin MonoManager ReloadAssembly
Native extension for WindowsStandalone target not found
Refreshing native plugins compatible for Editor in 0.80 ms, found 1 plugins.
Preloading 0 native plugins for Editor in 0.00 ms.
Mono: successfully reloaded assembly
- Completed reload, in  1.489 seconds
Platform modules already initialized, skipping
Refreshing native plugins compatible for Editor in 0.63 ms, found 1 plugins.
Preloading 0 native plugins for Editor in 0.00 ms.
Unloading 1806 Unused Serialized files (Serialized files now loaded: 0)
System memory in use before: 88.4 MB.
System memory in use after: 88.4 MB.

Unloading 12 unused Assets to reduce memory usage. Loaded Objects now: 2444.
Total: 4.993600 ms (FindLiveObjects: 0.477000 ms CreateObjectMapping: 0.331500 ms MarkObjects: 3.942700 ms  DeleteObjects: 0.239900 ms)

========================================================================
Received Prepare
Registering precompiled user dll's ...
Registered in 0.001651 seconds.
Begin MonoManager ReloadAssembly
Native extension for WindowsStandalone target not found
Refreshing native plugins compatible for Editor in 0.67 ms, found 1 plugins.
Preloading 0 native plugins for Editor in 0.00 ms.
Mono: successfully reloaded assembly
- Completed reload, in  2.130 seconds
Platform modules already initialized, skipping
Refreshing native plugins compatible for Editor in 0.63 ms, found 1 plugins.
Preloading 0 native plugins for Editor in 0.00 ms.
Unloading 1806 Unused Serialized files (Serialized files now loaded: 0)
System memory in use before: 88.4 MB.
System memory in use after: 88.4 MB.

Unloading 12 unused Assets to reduce memory usage. Loaded Objects now: 2448.
Total: 3.130700 ms (FindLiveObjects: 0.400200 ms CreateObjectMapping: 0.096500 ms MarkObjects: 2.452100 ms  DeleteObjects: 0.180600 ms)

========================================================================
Received Prepare
Registering precompiled user dll's ...
Registered in 0.001337 seconds.
Begin MonoManager ReloadAssembly
Native extension for WindowsStandalone target not found
Refreshing native plugins compatible for Editor in 0.58 ms, found 1 plugins.
Preloading 0 native plugins for Editor in 0.00 ms.
Mono: successfully reloaded assembly
- Completed reload, in  1.465 seconds
Platform modules already initialized, skipping
Refreshing native plugins compatible for Editor in 0.62 ms, found 1 plugins.
Preloading 0 native plugins for Editor in 0.00 ms.
Unloading 1806 Unused Serialized files (Serialized files now loaded: 0)
System memory in use before: 88.4 MB.
System memory in use after: 88.4 MB.

Unloading 12 unused Assets to reduce memory usage. Loaded Objects now: 2452.
Total: 3.067900 ms (FindLiveObjects: 0.408700 ms CreateObjectMapping: 0.099400 ms MarkObjects: 2.324700 ms  DeleteObjects: 0.233500 ms)

========================================================================
Received Prepare
Registering precompiled user dll's ...
Registered in 0.002061 seconds.
Begin MonoManager ReloadAssembly
Native extension for WindowsStandalone target not found
Refreshing native plugins compatible for Editor in 2.38 ms, found 1 plugins.
Preloading 0 native plugins for Editor in 0.00 ms.
Mono: successfully reloaded assembly
- Completed reload, in  3.030 seconds
Platform modules already initialized, skipping
Refreshing native plugins compatible for Editor in 0.90 ms, found 1 plugins.
Preloading 0 native plugins for Editor in 0.00 ms.
Unloading 1806 Unused Serialized files (Serialized files now loaded: 0)
System memory in use before: 88.4 MB.
System memory in use after: 88.4 MB.

Unloading 12 unused Assets to reduce memory usage. Loaded Objects now: 2456.
Total: 5.659000 ms (FindLiveObjects: 0.567600 ms CreateObjectMapping: 0.118000 ms MarkObjects: 4.726800 ms  DeleteObjects: 0.244400 ms)

========================================================================
Received Prepare
Registering precompiled user dll's ...
Registered in 0.006622 seconds.
Begin MonoManager ReloadAssembly
Native extension for WindowsStandalone target not found
Refreshing native plugins compatible for Editor in 0.63 ms, found 1 plugins.
Preloading 0 native plugins for Editor in 0.00 ms.
Mono: successfully reloaded assembly
- Completed reload, in  2.275 seconds
Platform modules already initialized, skipping
Refreshing native plugins compatible for Editor in 0.85 ms, found 1 plugins.
Preloading 0 native plugins for Editor in 0.00 ms.
Unloading 1806 Unused Serialized files (Serialized files now loaded: 0)
System memory in use before: 88.4 MB.
System memory in use after: 88.4 MB.

Unloading 12 unused Assets to reduce memory usage. Loaded Objects now: 2460.
Total: 3.585900 ms (FindLiveObjects: 0.419300 ms CreateObjectMapping: 0.106100 ms MarkObjects: 2.868100 ms  DeleteObjects: 0.190700 ms)

========================================================================
Received Prepare
Registering precompiled user dll's ...
Registered in 0.003655 seconds.
Begin MonoManager ReloadAssembly
Native extension for WindowsStandalone target not found
Refreshing native plugins compatible for Editor in 0.60 ms, found 1 plugins.
Preloading 0 native plugins for Editor in 0.00 ms.
Mono: successfully reloaded assembly
- Completed reload, in  1.870 seconds
Platform modules already initialized, skipping
Refreshing native plugins compatible for Editor in 0.70 ms, found 1 plugins.
Preloading 0 native plugins for Editor in 0.00 ms.
Unloading 1806 Unused Serialized files (Serialized files now loaded: 0)
System memory in use before: 88.4 MB.
System memory in use after: 88.4 MB.

Unloading 12 unused Assets to reduce memory usage. Loaded Objects now: 2464.
Total: 3.361900 ms (FindLiveObjects: 0.419300 ms CreateObjectMapping: 0.112500 ms MarkObjects: 2.646300 ms  DeleteObjects: 0.182500 ms)

========================================================================
Received Prepare
Registering precompiled user dll's ...
Registered in 0.004787 seconds.
Begin MonoManager ReloadAssembly
Native extension for WindowsStandalone target not found
Refreshing native plugins compatible for Editor in 0.66 ms, found 1 plugins.
Preloading 0 native plugins for Editor in 0.00 ms.
Mono: successfully reloaded assembly
- Completed reload, in  1.885 seconds
Platform modules already initialized, skipping
Refreshing native plugins compatible for Editor in 0.67 ms, found 1 plugins.
Preloading 0 native plugins for Editor in 0.00 ms.
Unloading 1806 Unused Serialized files (Serialized files now loaded: 0)
System memory in use before: 88.5 MB.
System memory in use after: 88.4 MB.

Unloading 12 unused Assets to reduce memory usage. Loaded Objects now: 2468.
Total: 3.586800 ms (FindLiveObjects: 0.424900 ms CreateObjectMapping: 0.101400 ms MarkObjects: 2.884200 ms  DeleteObjects: 0.174800 ms)

========================================================================
Received Prepare
Registering precompiled user dll's ...
Registered in 0.006277 seconds.
Begin MonoManager ReloadAssembly
Native extension for WindowsStandalone target not found
Refreshing native plugins compatible for Editor in 0.66 ms, found 1 plugins.
Preloading 0 native plugins for Editor in 0.00 ms.
Mono: successfully reloaded assembly
- Completed reload, in  2.616 seconds
Platform modules already initialized, skipping
Refreshing native plugins compatible for Editor in 0.93 ms, found 1 plugins.
Preloading 0 native plugins for Editor in 0.00 ms.
Unloading 1806 Unused Serialized files (Serialized files now loaded: 0)
System memory in use before: 88.5 MB.
System memory in use after: 88.4 MB.

Unloading 12 unused Assets to reduce memory usage. Loaded Objects now: 2472.
Total: 4.430000 ms (FindLiveObjects: 1.046300 ms CreateObjectMapping: 0.121600 ms MarkObjects: 3.003600 ms  DeleteObjects: 0.236100 ms)

========================================================================
Received Prepare
Registering precompiled user dll's ...
Registered in 0.002036 seconds.
Begin MonoManager ReloadAssembly
Native extension for WindowsStandalone target not found
Refreshing native plugins compatible for Editor in 0.65 ms, found 1 plugins.
Preloading 0 native plugins for Editor in 0.00 ms.
Mono: successfully reloaded assembly
- Completed reload, in  1.791 seconds
Platform modules already initialized, skipping
Refreshing native plugins compatible for Editor in 0.71 ms, found 1 plugins.
Preloading 0 native plugins for Editor in 0.00 ms.
Unloading 1806 Unused Serialized files (Serialized files now loaded: 0)
System memory in use before: 88.5 MB.
System memory in use after: 88.5 MB.

Unloading 12 unused Assets to reduce memory usage. Loaded Objects now: 2476.
Total: 3.003300 ms (FindLiveObjects: 0.403300 ms CreateObjectMapping: 0.125000 ms MarkObjects: 2.296600 ms  DeleteObjects: 0.177200 ms)

========================================================================
Received Prepare
Registering precompiled user dll's ...
Registered in 0.001943 seconds.
Begin MonoManager ReloadAssembly
Native extension for WindowsStandalone target not found
Refreshing native plugins compatible for Editor in 0.65 ms, found 1 plugins.
Preloading 0 native plugins for Editor in 0.00 ms.
Mono: successfully reloaded assembly
- Completed reload, in  1.610 seconds
Platform modules already initialized, skipping
Refreshing native plugins compatible for Editor in 0.63 ms, found 1 plugins.
Preloading 0 native plugins for Editor in 0.00 ms.
Unloading 1806 Unused Serialized files (Serialized files now loaded: 0)
System memory in use before: 88.5 MB.
System memory in use after: 88.5 MB.

Unloading 12 unused Assets to reduce memory usage. Loaded Objects now: 2480.
Total: 3.056200 ms (FindLiveObjects: 0.394100 ms CreateObjectMapping: 0.096900 ms MarkObjects: 2.387600 ms  DeleteObjects: 0.175800 ms)

========================================================================
Received Prepare
Registering precompiled user dll's ...
Registered in 0.003311 seconds.
Begin MonoManager ReloadAssembly
Native extension for WindowsStandalone target not found
Refreshing native plugins compatible for Editor in 0.61 ms, found 1 plugins.
Preloading 0 native plugins for Editor in 0.00 ms.
Mono: successfully reloaded assembly
- Completed reload, in  1.611 seconds
Platform modules already initialized, skipping
Refreshing native plugins compatible for Editor in 0.62 ms, found 1 plugins.
Preloading 0 native plugins for Editor in 0.00 ms.
Unloading 1806 Unused Serialized files (Serialized files now loaded: 0)
System memory in use before: 88.5 MB.
System memory in use after: 88.5 MB.

Unloading 12 unused Assets to reduce memory usage. Loaded Objects now: 2484.
Total: 3.077600 ms (FindLiveObjects: 0.446300 ms CreateObjectMapping: 0.104800 ms MarkObjects: 2.341900 ms  DeleteObjects: 0.183100 ms)

========================================================================
Received Prepare
Registering precompiled user dll's ...
Registered in 0.001692 seconds.
Begin MonoManager ReloadAssembly
Native extension for WindowsStandalone target not found
Refreshing native plugins compatible for Editor in 0.60 ms, found 1 plugins.
Preloading 0 native plugins for Editor in 0.00 ms.
Mono: successfully reloaded assembly
- Completed reload, in  1.863 seconds
Platform modules already initialized, skipping
Refreshing native plugins compatible for Editor in 0.62 ms, found 1 plugins.
Preloading 0 native plugins for Editor in 0.00 ms.
Unloading 1806 Unused Serialized files (Serialized files now loaded: 0)
System memory in use before: 88.5 MB.
System memory in use after: 88.5 MB.

Unloading 12 unused Assets to reduce memory usage. Loaded Objects now: 2488.
Total: 3.120100 ms (FindLiveObjects: 0.365600 ms CreateObjectMapping: 0.152300 ms MarkObjects: 2.423800 ms  DeleteObjects: 0.177100 ms)

========================================================================
Received Prepare
Registering precompiled user dll's ...
Registered in 0.001726 seconds.
Begin MonoManager ReloadAssembly
Native extension for WindowsStandalone target not found
Refreshing native plugins compatible for Editor in 0.77 ms, found 1 plugins.
Preloading 0 native plugins for Editor in 0.00 ms.
Mono: successfully reloaded assembly
- Completed reload, in  1.839 seconds
Platform modules already initialized, skipping
Refreshing native plugins compatible for Editor in 0.62 ms, found 1 plugins.
Preloading 0 native plugins for Editor in 0.00 ms.
Unloading 1806 Unused Serialized files (Serialized files now loaded: 0)
System memory in use before: 88.5 MB.
System memory in use after: 88.5 MB.

Unloading 12 unused Assets to reduce memory usage. Loaded Objects now: 2492.
Total: 3.116900 ms (FindLiveObjects: 0.476500 ms CreateObjectMapping: 0.103400 ms MarkObjects: 2.359300 ms  DeleteObjects: 0.176300 ms)

========================================================================
Received Prepare
Registering precompiled user dll's ...
Registered in 0.001331 seconds.
Begin MonoManager ReloadAssembly
Native extension for WindowsStandalone target not found
Refreshing native plugins compatible for Editor in 0.58 ms, found 1 plugins.
Preloading 0 native plugins for Editor in 0.00 ms.
Mono: successfully reloaded assembly
- Completed reload, in  1.634 seconds
Platform modules already initialized, skipping
Refreshing native plugins compatible for Editor in 0.64 ms, found 1 plugins.
Preloading 0 native plugins for Editor in 0.00 ms.
Unloading 1806 Unused Serialized files (Serialized files now loaded: 0)
System memory in use before: 88.5 MB.
System memory in use after: 88.5 MB.

Unloading 12 unused Assets to reduce memory usage. Loaded Objects now: 2496.
Total: 2.893900 ms (FindLiveObjects: 0.368700 ms CreateObjectMapping: 0.096900 ms MarkObjects: 2.246000 ms  DeleteObjects: 0.181200 ms)

========================================================================
Received Prepare
Registering precompiled user dll's ...
Registered in 0.001775 seconds.
Begin MonoManager ReloadAssembly
Native extension for WindowsStandalone target not found
Refreshing native plugins compatible for Editor in 0.68 ms, found 1 plugins.
Preloading 0 native plugins for Editor in 0.00 ms.
Mono: successfully reloaded assembly
- Completed reload, in  2.224 seconds
Platform modules already initialized, skipping
Refreshing native plugins compatible for Editor in 0.70 ms, found 1 plugins.
Preloading 0 native plugins for Editor in 0.00 ms.
Unloading 1806 Unused Serialized files (Serialized files now loaded: 0)
System memory in use before: 88.5 MB.
System memory in use after: 88.5 MB.

Unloading 12 unused Assets to reduce memory usage. Loaded Objects now: 2500.
Total: 3.729700 ms (FindLiveObjects: 0.614900 ms CreateObjectMapping: 0.388300 ms MarkObjects: 2.536800 ms  DeleteObjects: 0.188100 ms)

========================================================================
Received Prepare
Registering precompiled user dll's ...
Registered in 0.001619 seconds.
Begin MonoManager ReloadAssembly
Native extension for WindowsStandalone target not found
Refreshing native plugins compatible for Editor in 0.71 ms, found 1 plugins.
Preloading 0 native plugins for Editor in 0.00 ms.
Mono: successfully reloaded assembly
- Completed reload, in  1.694 seconds
Platform modules already initialized, skipping
Refreshing native plugins compatible for Editor in 0.65 ms, found 1 plugins.
Preloading 0 native plugins for Editor in 0.00 ms.
Unloading 1806 Unused Serialized files (Serialized files now loaded: 0)
System memory in use before: 88.5 MB.
System memory in use after: 88.5 MB.

Unloading 12 unused Assets to reduce memory usage. Loaded Objects now: 2504.
Total: 3.861900 ms (FindLiveObjects: 0.454800 ms CreateObjectMapping: 0.113600 ms MarkObjects: 3.076900 ms  DeleteObjects: 0.214700 ms)

========================================================================
Received Prepare
Registering precompiled user dll's ...
Registered in 0.001488 seconds.
Begin MonoManager ReloadAssembly
Native extension for WindowsStandalone target not found
Refreshing native plugins compatible for Editor in 0.59 ms, found 1 plugins.
Preloading 0 native plugins for Editor in 0.00 ms.
Mono: successfully reloaded assembly
- Completed reload, in  1.803 seconds
Platform modules already initialized, skipping
Refreshing native plugins compatible for Editor in 0.89 ms, found 1 plugins.
Preloading 0 native plugins for Editor in 0.00 ms.
Unloading 1806 Unused Serialized files (Serialized files now loaded: 0)
System memory in use before: 88.5 MB.
System memory in use after: 88.5 MB.

Unloading 12 unused Assets to reduce memory usage. Loaded Objects now: 2508.
Total: 3.804000 ms (FindLiveObjects: 0.454000 ms CreateObjectMapping: 0.118000 ms MarkObjects: 3.037600 ms  DeleteObjects: 0.193000 ms)

========================================================================
Received Prepare
Registering precompiled user dll's ...
Registered in 0.001490 seconds.
Begin MonoManager ReloadAssembly
Native extension for WindowsStandalone target not found
Refreshing native plugins compatible for Editor in 0.60 ms, found 1 plugins.
Preloading 0 native plugins for Editor in 0.00 ms.
Mono: successfully reloaded assembly
- Completed reload, in  1.668 seconds
Platform modules already initialized, skipping
Refreshing native plugins compatible for Editor in 0.63 ms, found 1 plugins.
Preloading 0 native plugins for Editor in 0.00 ms.
Unloading 1806 Unused Serialized files (Serialized files now loaded: 0)
System memory in use before: 88.6 MB.
System memory in use after: 88.5 MB.

Unloading 12 unused Assets to reduce memory usage. Loaded Objects now: 2512.
Total: 3.066400 ms (FindLiveObjects: 0.377700 ms CreateObjectMapping: 0.098700 ms MarkObjects: 2.398500 ms  DeleteObjects: 0.190200 ms)

========================================================================
Received Prepare
Registering precompiled user dll's ...
Registered in 0.001397 seconds.
Begin MonoManager ReloadAssembly
Native extension for WindowsStandalone target not found
Refreshing native plugins compatible for Editor in 0.69 ms, found 1 plugins.
Preloading 0 native plugins for Editor in 0.00 ms.
Mono: successfully reloaded assembly
- Completed reload, in  1.672 seconds
Platform modules already initialized, skipping
Refreshing native plugins compatible for Editor in 0.58 ms, found 1 plugins.
Preloading 0 native plugins for Editor in 0.00 ms.
Unloading 1806 Unused Serialized files (Serialized files now loaded: 0)
System memory in use before: 88.6 MB.
System memory in use after: 88.5 MB.

Unloading 12 unused Assets to reduce memory usage. Loaded Objects now: 2516.
Total: 3.015100 ms (FindLiveObjects: 0.381200 ms CreateObjectMapping: 0.097700 ms MarkObjects: 2.353600 ms  DeleteObjects: 0.180900 ms)

========================================================================
Received Prepare
Registering precompiled user dll's ...
Registered in 0.001520 seconds.
Begin MonoManager ReloadAssembly
Native extension for WindowsStandalone target not found
Refreshing native plugins compatible for Editor in 0.63 ms, found 1 plugins.
Preloading 0 native plugins for Editor in 0.00 ms.
Mono: successfully reloaded assembly
- Completed reload, in  1.549 seconds
Platform modules already initialized, skipping
Refreshing native plugins compatible for Editor in 0.62 ms, found 1 plugins.
Preloading 0 native plugins for Editor in 0.00 ms.
Unloading 1806 Unused Serialized files (Serialized files now loaded: 0)
System memory in use before: 88.6 MB.
System memory in use after: 88.5 MB.

Unloading 12 unused Assets to reduce memory usage. Loaded Objects now: 2520.
Total: 2.997500 ms (FindLiveObjects: 0.426400 ms CreateObjectMapping: 0.120100 ms MarkObjects: 2.271300 ms  DeleteObjects: 0.178200 ms)

========================================================================
Received Prepare
Registering precompiled user dll's ...
Registered in 0.001582 seconds.
Begin MonoManager ReloadAssembly
Native extension for WindowsStandalone target not found
Refreshing native plugins compatible for Editor in 1.78 ms, found 1 plugins.
Preloading 0 native plugins for Editor in 0.00 ms.
Mono: successfully reloaded assembly
- Completed reload, in  1.661 seconds
Platform modules already initialized, skipping
Refreshing native plugins compatible for Editor in 1.10 ms, found 1 plugins.
Preloading 0 native plugins for Editor in 0.00 ms.
Unloading 1806 Unused Serialized files (Serialized files now loaded: 0)
System memory in use before: 88.6 MB.
System memory in use after: 88.6 MB.

Unloading 12 unused Assets to reduce memory usage. Loaded Objects now: 2524.
Total: 3.641900 ms (FindLiveObjects: 0.469100 ms CreateObjectMapping: 0.121900 ms MarkObjects: 2.861200 ms  DeleteObjects: 0.188200 ms)

========================================================================
Received Import Request.
  Time since last request: 7582.251731 seconds.
  path: Assets/grafics/bg.png
  artifactKey: Guid(0676499cb356f7544b67f9a32ef196a2) Importer(815301076,1909f56bfc062723c751e8b465ee728b)
Start importing Assets/grafics/bg.png using Guid(0676499cb356f7544b67f9a32ef196a2) Importer(815301076,1909f56bfc062723c751e8b465ee728b)  -> (artifact id: '66c20fb8e68fb0913d380b391e34e9d3') in 0.151918 seconds
  Import took 0.165356 seconds .

========================================================================
Received Prepare
Registering precompiled user dll's ...
Registered in 0.001655 seconds.
Begin MonoManager ReloadAssembly
Native extension for WindowsStandalone target not found
Refreshing native plugins compatible for Editor in 0.67 ms, found 1 plugins.
Preloading 0 native plugins for Editor in 0.00 ms.
Mono: successfully reloaded assembly
- Completed reload, in  1.641 seconds
Platform modules already initialized, skipping
Refreshing native plugins compatible for Editor in 0.65 ms, found 1 plugins.
Preloading 0 native plugins for Editor in 0.00 ms.
Unloading 1806 Unused Serialized files (Serialized files now loaded: 0)
System memory in use before: 88.6 MB.
System memory in use after: 88.6 MB.

Unloading 12 unused Assets to reduce memory usage. Loaded Objects now: 2531.
Total: 3.247400 ms (FindLiveObjects: 0.429100 ms CreateObjectMapping: 0.105000 ms MarkObjects: 2.458900 ms  DeleteObjects: 0.252800 ms)

========================================================================
Received Prepare
Registering precompiled user dll's ...
Registered in 0.002195 seconds.
Begin MonoManager ReloadAssembly
Native extension for WindowsStandalone target not found
Refreshing native plugins compatible for Editor in 0.63 ms, found 1 plugins.
Preloading 0 native plugins for Editor in 0.00 ms.
Mono: successfully reloaded assembly
- Completed reload, in  2.041 seconds
Platform modules already initialized, skipping
Refreshing native plugins compatible for Editor in 0.74 ms, found 1 plugins.
Preloading 0 native plugins for Editor in 0.00 ms.
Unloading 1806 Unused Serialized files (Serialized files now loaded: 0)
System memory in use before: 88.6 MB.
System memory in use after: 88.6 MB.

Unloading 12 unused Assets to reduce memory usage. Loaded Objects now: 2535.
Total: 4.159400 ms (FindLiveObjects: 0.421100 ms CreateObjectMapping: 0.107100 ms MarkObjects: 3.408200 ms  DeleteObjects: 0.221200 ms)

========================================================================
Received Import Request.
  Time since last request: 294.185029 seconds.
  path: Assets/grafics/Character.png
  artifactKey: Guid(6a57003b5cfe138438a1abab33a7baad) Importer(815301076,1909f56bfc062723c751e8b465ee728b)
Start importing Assets/grafics/Character.png using Guid(6a57003b5cfe138438a1abab33a7baad) Importer(815301076,1909f56bfc062723c751e8b465ee728b)  -> (artifact id: '9b6620136f9a95812cd262a62318660e') in 0.212681 seconds
  Import took 0.864854 seconds .

========================================================================
Received Import Request.
  Time since last request: 50.136181 seconds.
  path: Assets/grafics/Character.png
  artifactKey: Guid(6a57003b5cfe138438a1abab33a7baad) Importer(815301076,1909f56bfc062723c751e8b465ee728b)
Start importing Assets/grafics/Character.png using Guid(6a57003b5cfe138438a1abab33a7baad) Importer(815301076,1909f56bfc062723c751e8b465ee728b)  -> (artifact id: 'aa3051f5c6a60c60e769367508db3eb7') in 0.184107 seconds
  Import took 0.217059 seconds .

========================================================================
Received Prepare
Registering precompiled user dll's ...
Registered in 0.001309 seconds.
Begin MonoManager ReloadAssembly
Native extension for WindowsStandalone target not found
Refreshing native plugins compatible for Editor in 0.60 ms, found 1 plugins.
Preloading 0 native plugins for Editor in 0.00 ms.
Mono: successfully reloaded assembly
- Completed reload, in  1.665 seconds
Platform modules already initialized, skipping
Refreshing native plugins compatible for Editor in 0.74 ms, found 1 plugins.
Preloading 0 native plugins for Editor in 0.00 ms.
Unloading 1806 Unused Serialized files (Serialized files now loaded: 0)
System memory in use before: 88.6 MB.
System memory in use after: 88.6 MB.

Unloading 12 unused Assets to reduce memory usage. Loaded Objects now: 2540.
Total: 3.905200 ms (FindLiveObjects: 0.498900 ms CreateObjectMapping: 0.104100 ms MarkObjects: 3.075900 ms  DeleteObjects: 0.224800 ms)

========================================================================
Received Prepare
Registering precompiled user dll's ...
Registered in 0.001718 seconds.
Begin MonoManager ReloadAssembly
Native extension for WindowsStandalone target not found
Refreshing native plugins compatible for Editor in 0.98 ms, found 1 plugins.
Preloading 0 native plugins for Editor in 0.00 ms.
Mono: successfully reloaded assembly
- Completed reload, in  2.297 seconds
Platform modules already initialized, skipping
Refreshing native plugins compatible for Editor in 0.79 ms, found 1 plugins.
Preloading 0 native plugins for Editor in 0.00 ms.
Unloading 1806 Unused Serialized files (Serialized files now loaded: 0)
System memory in use before: 88.6 MB.
System memory in use after: 88.6 MB.

Unloading 12 unused Assets to reduce memory usage. Loaded Objects now: 2544.
Total: 4.600900 ms (FindLiveObjects: 0.832900 ms CreateObjectMapping: 0.228300 ms MarkObjects: 3.259000 ms  DeleteObjects: 0.278900 ms)

========================================================================
Received Import Request.
  Time since last request: 544.291877 seconds.
  path: Assets/grafics/blob.png
  artifactKey: Guid(e56e51acd69476c4b9e27de5477d88cb) Importer(815301076,1909f56bfc062723c751e8b465ee728b)
Start importing Assets/grafics/blob.png using Guid(e56e51acd69476c4b9e27de5477d88cb) Importer(815301076,1909f56bfc062723c751e8b465ee728b)  -> (artifact id: '112b2be1ccde24c390c4c2724f8bef68') in 0.247197 seconds
  Import took 1.187466 seconds .

========================================================================
Received Import Request.
  Time since last request: 0.001880 seconds.
  path: Assets/grafics/exit.png
  artifactKey: Guid(ec59b21a65629a7439f30851bc69e8e0) Importer(815301076,1909f56bfc062723c751e8b465ee728b)
Start importing Assets/grafics/exit.png using Guid(ec59b21a65629a7439f30851bc69e8e0) Importer(815301076,1909f56bfc062723c751e8b465ee728b)  -> (artifact id: '4eb4b2f472f261851764b28ff88fcbde') in 0.077464 seconds
  Import took 0.089716 seconds .

========================================================================
Received Import Request.
  Time since last request: 0.000340 seconds.
  path: Assets/grafics/exit_btn.png
  artifactKey: Guid(c0ca87a35f68e764c9d688da427758fa) Importer(815301076,1909f56bfc062723c751e8b465ee728b)
Start importing Assets/grafics/exit_btn.png using Guid(c0ca87a35f68e764c9d688da427758fa) Importer(815301076,1909f56bfc062723c751e8b465ee728b)  -> (artifact id: 'cb48ade9df52338778996b86dd683db2') in 0.110881 seconds
  Import took 0.138525 seconds .

========================================================================
Received Import Request.
  Time since last request: 0.000311 seconds.
  path: Assets/grafics/start_btn.png
  artifactKey: Guid(3ea21e6b28dbd444fbe377530846eb89) Importer(815301076,1909f56bfc062723c751e8b465ee728b)
Start importing Assets/grafics/start_btn.png using Guid(3ea21e6b28dbd444fbe377530846eb89) Importer(815301076,1909f56bfc062723c751e8b465ee728b)  -> (artifact id: '072eee3d742de63381bcf0eef72a2514') in 0.100543 seconds
  Import took 0.298390 seconds .

========================================================================
Received Import Request.
  Time since last request: 0.000260 seconds.
  path: Assets/grafics/save_btn.png
  artifactKey: Guid(2d355325a0efe9a47a1f379eec649f07) Importer(815301076,1909f56bfc062723c751e8b465ee728b)
Start importing Assets/grafics/save_btn.png using Guid(2d355325a0efe9a47a1f379eec649f07) Importer(815301076,1909f56bfc062723c751e8b465ee728b)  -> (artifact id: 'e84f2394c819e9bf4ccc830880404819') in 0.082740 seconds
  Import took 0.097004 seconds .

========================================================================
Received Import Request.
  Time since last request: 0.000270 seconds.
  path: Assets/grafics/restart_btn.png
  artifactKey: Guid(7e5791258e5f9534a9abd79a439ac0bc) Importer(815301076,1909f56bfc062723c751e8b465ee728b)
Start importing Assets/grafics/restart_btn.png using Guid(7e5791258e5f9534a9abd79a439ac0bc) Importer(815301076,1909f56bfc062723c751e8b465ee728b)  -> (artifact id: 'd4c1a55ec3d55d55a6a5dfef39d07b65') in 0.076269 seconds
  Import took 0.081512 seconds .

========================================================================
Received Import Request.
  Time since last request: 0.004421 seconds.
  path: Assets/grafics/restart_btn.png
  artifactKey: Guid(7e5791258e5f9534a9abd79a439ac0bc) Importer(815301076,1909f56bfc062723c751e8b465ee728b)
Start importing Assets/grafics/restart_btn.png using Guid(7e5791258e5f9534a9abd79a439ac0bc) Importer(815301076,1909f56bfc062723c751e8b465ee728b)  -> (artifact id: 'd4c1a55ec3d55d55a6a5dfef39d07b65') in 0.024847 seconds
  Import took 0.032605 seconds .

========================================================================
Received Prepare
Registering precompiled user dll's ...
Registered in 0.002076 seconds.
Begin MonoManager ReloadAssembly
Native extension for WindowsStandalone target not found
Refreshing native plugins compatible for Editor in 0.66 ms, found 1 plugins.
Preloading 0 native plugins for Editor in 0.00 ms.
Mono: successfully reloaded assembly
- Completed reload, in  1.977 seconds
Platform modules already initialized, skipping
Refreshing native plugins compatible for Editor in 1.11 ms, found 1 plugins.
Preloading 0 native plugins for Editor in 0.00 ms.
Unloading 1806 Unused Serialized files (Serialized files now loaded: 0)
System memory in use before: 88.7 MB.
System memory in use after: 88.6 MB.

Unloading 12 unused Assets to reduce memory usage. Loaded Objects now: 2561.
Total: 4.181200 ms (FindLiveObjects: 0.457700 ms CreateObjectMapping: 0.110100 ms MarkObjects: 3.412100 ms  DeleteObjects: 0.199400 ms)

========================================================================
Received Import Request.
  Time since last request: 231.142839 seconds.
  path: Assets/grafics/exit.png
  artifactKey: Guid(ec59b21a65629a7439f30851bc69e8e0) Importer(815301076,1909f56bfc062723c751e8b465ee728b)
Start importing Assets/grafics/exit.png using Guid(ec59b21a65629a7439f30851bc69e8e0) Importer(815301076,1909f56bfc062723c751e8b465ee728b)  -> (artifact id: 'b1202a4b56228027e3439542328b950a') in 0.098982 seconds
  Import took 0.145437 seconds .

========================================================================
Received Import Request.
  Time since last request: 1017.997786 seconds.
  path: Assets/grafics/blob.png
  artifactKey: Guid(e56e51acd69476c4b9e27de5477d88cb) Importer(815301076,1909f56bfc062723c751e8b465ee728b)
Start importing Assets/grafics/blob.png using Guid(e56e51acd69476c4b9e27de5477d88cb) Importer(815301076,1909f56bfc062723c751e8b465ee728b)  -> (artifact id: '2d85a26aa5e1197548323a9c52c638e5') in 0.072123 seconds
  Import took 0.104474 seconds .

========================================================================
Received Import Request.
  Time since last request: 0.000270 seconds.
  path: Assets/grafics/Character.png
  artifactKey: Guid(6a57003b5cfe138438a1abab33a7baad) Importer(815301076,1909f56bfc062723c751e8b465ee728b)
Start importing Assets/grafics/Character.png using Guid(6a57003b5cfe138438a1abab33a7baad) Importer(815301076,1909f56bfc062723c751e8b465ee728b)  -> (artifact id: 'a099fb89a1e4f4e6a3974b6b0bd4de6a') in 0.121863 seconds
  Import took 0.137015 seconds .

========================================================================
Received Prepare
Registering precompiled user dll's ...
Registered in 0.004298 seconds.
Begin MonoManager ReloadAssembly
Native extension for WindowsStandalone target not found
Refreshing native plugins compatible for Editor in 0.69 ms, found 1 plugins.
Preloading 0 native plugins for Editor in 0.00 ms.
Mono: successfully reloaded assembly
- Completed reload, in  1.887 seconds
Platform modules already initialized, skipping
Refreshing native plugins compatible for Editor in 0.65 ms, found 1 plugins.
Preloading 0 native plugins for Editor in 0.00 ms.
Unloading 1806 Unused Serialized files (Serialized files now loaded: 0)
System memory in use before: 88.7 MB.
System memory in use after: 88.7 MB.

Unloading 12 unused Assets to reduce memory usage. Loaded Objects now: 2567.
Total: 3.811000 ms (FindLiveObjects: 0.415600 ms CreateObjectMapping: 0.103600 ms MarkObjects: 3.108200 ms  DeleteObjects: 0.182100 ms)

========================================================================
Received Import Request.
  Time since last request: 54.584866 seconds.
  path: Assets/grafics/Character.png
  artifactKey: Guid(6a57003b5cfe138438a1abab33a7baad) Importer(815301076,1909f56bfc062723c751e8b465ee728b)
Start importing Assets/grafics/Character.png using Guid(6a57003b5cfe138438a1abab33a7baad) Importer(815301076,1909f56bfc062723c751e8b465ee728b)  -> (artifact id: '2c93048c77fef44224514cb0a032de08') in 0.157919 seconds
  Import took 0.255085 seconds .

========================================================================
Received Import Request.
  Time since last request: 45.242849 seconds.
  path: Assets/grafics/Character.png
  artifactKey: Guid(6a57003b5cfe138438a1abab33a7baad) Importer(815301076,1909f56bfc062723c751e8b465ee728b)
Start importing Assets/grafics/Character.png using Guid(6a57003b5cfe138438a1abab33a7baad) Importer(815301076,1909f56bfc062723c751e8b465ee728b)  -> (artifact id: '7682ba38c9e1ea6e54abf468323916e4') in 0.108032 seconds
  Import took 0.235727 seconds .

========================================================================
Received Prepare
Registering precompiled user dll's ...
Registered in 0.002580 seconds.
Begin MonoManager ReloadAssembly
Native extension for WindowsStandalone target not found
Refreshing native plugins compatible for Editor in 0.65 ms, found 1 plugins.
Preloading 0 native plugins for Editor in 0.00 ms.
Mono: successfully reloaded assembly
- Completed reload, in  1.647 seconds
Platform modules already initialized, skipping
Refreshing native plugins compatible for Editor in 0.73 ms, found 1 plugins.
Preloading 0 native plugins for Editor in 0.00 ms.
Unloading 1806 Unused Serialized files (Serialized files now loaded: 0)
System memory in use before: 88.7 MB.
System memory in use after: 88.7 MB.

Unloading 12 unused Assets to reduce memory usage. Loaded Objects now: 2576.
Total: 3.078400 ms (FindLiveObjects: 0.402100 ms CreateObjectMapping: 0.099000 ms MarkObjects: 2.400000 ms  DeleteObjects: 0.175500 ms)

========================================================================
Received Import Request.
  Time since last request: 77.841518 seconds.
  path: Assets/grafics/exit.png
  artifactKey: Guid(ec59b21a65629a7439f30851bc69e8e0) Importer(815301076,1909f56bfc062723c751e8b465ee728b)
Start importing Assets/grafics/exit.png using Guid(ec59b21a65629a7439f30851bc69e8e0) Importer(815301076,1909f56bfc062723c751e8b465ee728b)  -> (artifact id: '599d407928b62ec9d3302a53023a4da5') in 0.106654 seconds
  Import took 0.178203 seconds .

AssetImportWorkerClient::OnTransportError - code=2 error=End of file
